-------------------------------------------------------------------------------
Test set: springdemo.SpringDemoApplicationTests
-------------------------------------------------------------------------------
Tests run: 1, Failures: 0, Errors: 1, Skipped: 0, Time elapsed: 0.414 s <<< FAILURE! - in springdemo.SpringDemoApplicationTests
springdemo.SpringDemoApplicationTests  Time elapsed: 0.413 s  <<< ERROR!
java.lang.IllegalStateException: Unable to find a @SpringBootConfiguration, you need to use @ContextConfiguration or @SpringBootTest(classes=...) with your test

